app/build/outputs/logs/manifest-merger-debug-report.txt
-- Merging decision tree log ---
manifest
ADDED from src\main\AndroidManifest.xml:2:1-29:12
	package
		ADDED from src\main\AndroidManifest.xml:3:5-40
		INJECTED from src\main\AndroidManifest.xml
		INJECTED from src\main\AndroidManifest.xml
	android:versionName
		ADDED from src\main\AndroidManifest.xml:5:5-30
		INJECTED from src\main\AndroidManifest.xml
		INJECTED from src\main\AndroidManifest.xml
	android:versionCode
		ADDED from src\main\AndroidManifest.xml:4:5-28
		INJECTED from src\main\AndroidManifest.xml
		INJECTED from src\main\AndroidManifest.xml
	xmlns:android
		ADDED from src\main\AndroidManifest.xml:2:11-69
uses-sdk
ADDED from src\main\AndroidManifest.xml:6:5-8:41
MERGED from [com.android.support:support-v4:25.0.0] AndroidManifest.xml:21:5-23:54
MERGED from [com.android.support:support-compat:25.0.0] AndroidManifest.xml:21:5-23:58
MERGED from [com.android.support:support-media-compat:25.0.0] AndroidManifest.xml:21:5-23:63
MERGED from [com.android.support:support-core-utils:25.0.0] AndroidManifest.xml:21:5-23:61
MERGED from [com.android.support:support-core-ui:25.0.0] AndroidManifest.xml:21:5-23:58
MERGED from [com.android.support:support-fragment:25.0.0] AndroidManifest.xml:21:5-23:60
	tools:overrideLibrary
		ADDED from [com.android.support:support-v4:25.0.0] AndroidManifest.xml:23:9-51
	android:targetSdkVersion
		ADDED from src\main\AndroidManifest.xml:8:9-38
		INJECTED from src\main\AndroidManifest.xml
		INJECTED from src\main\AndroidManifest.xml
	android:minSdkVersion
		ADDED from src\main\AndroidManifest.xml:7:9-35
		INJECTED from src\main\AndroidManifest.xml
		INJECTED from src\main\AndroidManifest.xml
uses-permission#android.permission.BLUETOOTH
ADDED from src\main\AndroidManifest.xml:9:5-68
	android:name
		ADDED from src\main\AndroidManifest.xml:9:22-65
uses-permission#android.permission.BLUETOOTH_ADMIN
ADDED from src\main\AndroidManifest.xml:10:5-74
	android:name
		ADDED from src\main\AndroidManifest.xml:10:22-71
uses-feature#android.hardware.bluetooth_le
ADDED from src\main\AndroidManifest.xml:11:5-13:35
	android:required
		ADDED from src\main\AndroidManifest.xml:13:9-32
	android:name
		ADDED from src\main\AndroidManifest.xml:12:9-53
application
ADDED from src\main\AndroidManifest.xml:14:5-28:19
MERGED from [com.android.support:support-v4:25.0.0] AndroidManifest.xml:25:5-20
MERGED from [com.android.support:support-compat:25.0.0] AndroidManifest.xml:25:5-20
MERGED from [com.android.support:support-media-compat:25.0.0] AndroidManifest.xml:25:5-20
MERGED from [com.android.support:support-core-utils:25.0.0] AndroidManifest.xml:25:5-20
MERGED from [com.android.support:support-core-ui:25.0.0] AndroidManifest.xml:25:5-20
MERGED from [com.android.support:support-fragment:25.0.0] AndroidManifest.xml:25:5-20
	android:label
		ADDED from src\main\AndroidManifest.xml:17:9-41
	android:allowBackup
		ADDED from src\main\AndroidManifest.xml:15:9-35
	android:icon
		ADDED from src\main\AndroidManifest.xml:16:9-45
	android:theme
		ADDED from src\main\AndroidManifest.xml:18:9-40
activity#youten.redo.ble.readwrite.ScanActivity
ADDED from src\main\AndroidManifest.xml:19:9-26:20
	android:label
		ADDED from src\main\AndroidManifest.xml:21:13-45
	android:name
		ADDED from src\main\AndroidManifest.xml:20:13-66
intent-filter#android.intent.action.MAIN+android.intent.category.LAUNCHER
ADDED from src\main\AndroidManifest.xml:22:13-25:29
action#android.intent.action.MAIN
ADDED from src\main\AndroidManifest.xml:23:17-69
	android:name
		ADDED from src\main\AndroidManifest.xml:23:25-66
category#android.intent.category.LAUNCHER
ADDED from src\main\AndroidManifest.xml:24:17-77
	android:name
		ADDED from src\main\AndroidManifest.xml:24:27-74
activity#youten.redo.ble.readwrite.DeviceActivity
ADDED from src\main\AndroidManifest.xml:27:9-77
	android:name
		ADDED from src\main\AndroidManifest.xml:27:19-74